000 (16595.1131.000) 12/06 11:44:42 Job submitted from host: <148.88.40.13:9618?addrs=148.88.40.13-9618&noUDP&sock=7693_562b_3>
...
001 (16595.1131.000) 12/06 11:53:35 Job executing on host: <10.42.74.226:9618?addrs=10.42.74.226-9618&noUDP&sock=1737_0418_4>
...
006 (16595.1131.000) 12/06 11:53:44 Image size of job updated: 502192
	22  -  MemoryUsage of job (MB)
	22352  -  ResidentSetSize of job (KB)
...
006 (16595.1131.000) 12/06 11:54:16 Image size of job updated: 3430532
	22  -  MemoryUsage of job (MB)
	22352  -  ResidentSetSize of job (KB)
...
005 (16595.1131.000) 12/06 11:54:16 Job terminated.
	(1) Normal termination (return value 0)
		Usr 0 00:00:12, Sys 0 00:00:01  -  Run Remote Usage
		Usr 0 00:00:00, Sys 0 00:00:00  -  Run Local Usage
		Usr 0 00:00:12, Sys 0 00:00:01  -  Total Remote Usage
		Usr 0 00:00:00, Sys 0 00:00:00  -  Total Local Usage
	0  -  Run Bytes Sent By Job
	0  -  Run Bytes Received By Job
	0  -  Total Bytes Sent By Job
	0  -  Total Bytes Received By Job
	Partitionable Resources :    Usage  Request Allocated 
	   Cpus                 :     0.69        1         1 
	   Disk (KB)            :     1           1     39194 
	   Memory (MB)          :    22           1       128 
...
009 (16595.1131.000) 12/06 11:54:16 Job was aborted by the user.
	via condor_rm (by user aspeers)
...
