000 (16595.226.000) 12/06 11:44:33 Job submitted from host: <148.88.40.13:9618?addrs=148.88.40.13-9618&noUDP&sock=7693_562b_3>
...
001 (16595.226.000) 12/06 11:46:59 Job executing on host: <10.42.73.206:9618?addrs=10.42.73.206-9618&noUDP&sock=1782_e1db_4>
...
006 (16595.226.000) 12/06 11:47:07 Image size of job updated: 1190484
	501  -  MemoryUsage of job (MB)
	512064  -  ResidentSetSize of job (KB)
...
006 (16595.226.000) 12/06 11:47:20 Image size of job updated: 2148308
	501  -  MemoryUsage of job (MB)
	512064  -  ResidentSetSize of job (KB)
...
005 (16595.226.000) 12/06 11:47:20 Job terminated.
	(1) Normal termination (return value 0)
		Usr 0 00:00:16, Sys 0 00:00:01  -  Run Remote Usage
		Usr 0 00:00:00, Sys 0 00:00:00  -  Run Local Usage
		Usr 0 00:00:16, Sys 0 00:00:01  -  Total Remote Usage
		Usr 0 00:00:00, Sys 0 00:00:00  -  Total Local Usage
	0  -  Run Bytes Sent By Job
	0  -  Run Bytes Received By Job
	0  -  Total Bytes Sent By Job
	0  -  Total Bytes Received By Job
	Partitionable Resources :    Usage  Request Allocated 
	   Cpus                 :     0.34        1         1 
	   Disk (KB)            :     1           1     36568 
	   Memory (MB)          :   501           1       128 
...
