000 (16595.1055.000) 12/06 11:44:41 Job submitted from host: <148.88.40.13:9618?addrs=148.88.40.13-9618&noUDP&sock=7693_562b_3>
...
001 (16595.1055.000) 12/06 11:53:01 Job executing on host: <10.42.74.222:9618?addrs=10.42.74.222-9618&noUDP&sock=1757_bbfd_4>
...
006 (16595.1055.000) 12/06 11:53:10 Image size of job updated: 397332
	12  -  MemoryUsage of job (MB)
	11664  -  ResidentSetSize of job (KB)
...
006 (16595.1055.000) 12/06 11:54:11 Image size of job updated: 2152584
	12  -  MemoryUsage of job (MB)
	11664  -  ResidentSetSize of job (KB)
...
005 (16595.1055.000) 12/06 11:54:11 Job terminated.
	(1) Normal termination (return value 0)
		Usr 0 00:00:12, Sys 0 00:00:01  -  Run Remote Usage
		Usr 0 00:00:00, Sys 0 00:00:00  -  Run Local Usage
		Usr 0 00:00:12, Sys 0 00:00:01  -  Total Remote Usage
		Usr 0 00:00:00, Sys 0 00:00:00  -  Total Local Usage
	0  -  Run Bytes Sent By Job
	0  -  Run Bytes Received By Job
	0  -  Total Bytes Sent By Job
	0  -  Total Bytes Received By Job
	Partitionable Resources :    Usage  Request Allocated 
	   Cpus                 :     0.62        1         1 
	   Disk (KB)            :     1           1     38900 
	   Memory (MB)          :    12           1       128 
...
