000 (16595.926.000) 12/06 11:44:40 Job submitted from host: <148.88.40.13:9618?addrs=148.88.40.13-9618&noUDP&sock=7693_562b_3>
...
001 (16595.926.000) 12/06 11:52:19 Job executing on host: <10.42.74.225:9618?addrs=10.42.74.225-9618&noUDP&sock=1801_ea28_4>
...
006 (16595.926.000) 12/06 11:52:27 Image size of job updated: 1824284
	202  -  MemoryUsage of job (MB)
	206324  -  ResidentSetSize of job (KB)
...
006 (16595.926.000) 12/06 11:52:42 Image size of job updated: 2152032
	202  -  MemoryUsage of job (MB)
	206324  -  ResidentSetSize of job (KB)
...
005 (16595.926.000) 12/06 11:52:42 Job terminated.
	(1) Normal termination (return value 0)
		Usr 0 00:00:11, Sys 0 00:00:00  -  Run Remote Usage
		Usr 0 00:00:00, Sys 0 00:00:00  -  Run Local Usage
		Usr 0 00:00:11, Sys 0 00:00:00  -  Total Remote Usage
		Usr 0 00:00:00, Sys 0 00:00:00  -  Total Local Usage
	0  -  Run Bytes Sent By Job
	0  -  Run Bytes Received By Job
	0  -  Total Bytes Sent By Job
	0  -  Total Bytes Received By Job
	Partitionable Resources :    Usage  Request Allocated 
	   Cpus                 :     1.01        1         1 
	   Disk (KB)            :     1           1     38132 
	   Memory (MB)          :   202           1       128 
...
