000 (16595.228.000) 12/06 11:44:33 Job submitted from host: <148.88.40.13:9618?addrs=148.88.40.13-9618&noUDP&sock=7693_562b_3>
...
001 (16595.228.000) 12/06 11:47:00 Job executing on host: <10.42.74.222:9618?addrs=10.42.74.222-9618&noUDP&sock=1757_bbfd_4>
...
006 (16595.228.000) 12/06 11:47:08 Image size of job updated: 1824292
	331  -  MemoryUsage of job (MB)
	338712  -  ResidentSetSize of job (KB)
...
006 (16595.228.000) 12/06 11:47:19 Image size of job updated: 2151624
	333  -  MemoryUsage of job (MB)
	340596  -  ResidentSetSize of job (KB)
...
005 (16595.228.000) 12/06 11:47:19 Job terminated.
	(1) Normal termination (return value 0)
		Usr 0 00:00:11, Sys 0 00:00:01  -  Run Remote Usage
		Usr 0 00:00:00, Sys 0 00:00:00  -  Run Local Usage
		Usr 0 00:00:11, Sys 0 00:00:01  -  Total Remote Usage
		Usr 0 00:00:00, Sys 0 00:00:00  -  Total Local Usage
	0  -  Run Bytes Sent By Job
	0  -  Run Bytes Received By Job
	0  -  Total Bytes Sent By Job
	0  -  Total Bytes Received By Job
	Partitionable Resources :    Usage  Request Allocated 
	   Cpus                 :     0.98        1         1 
	   Disk (KB)            :     1           1     38900 
	   Memory (MB)          :   333           1       128 
...
