000 (16595.1140.000) 12/06 11:44:42 Job submitted from host: <148.88.40.13:9618?addrs=148.88.40.13-9618&noUDP&sock=7693_562b_3>
...
001 (16595.1140.000) 12/06 11:53:34 Job executing on host: <10.42.74.227:9618?addrs=10.42.74.227-9618&noUDP&sock=1751_9e6b_4>
...
006 (16595.1140.000) 12/06 11:53:42 Image size of job updated: 502192
	23  -  MemoryUsage of job (MB)
	22676  -  ResidentSetSize of job (KB)
...
006 (16595.1140.000) 12/06 11:54:15 Image size of job updated: 2151948
	23  -  MemoryUsage of job (MB)
	22676  -  ResidentSetSize of job (KB)
...
005 (16595.1140.000) 12/06 11:54:16 Job terminated.
	(1) Normal termination (return value 0)
		Usr 0 00:00:13, Sys 0 00:00:01  -  Run Remote Usage
		Usr 0 00:00:00, Sys 0 00:00:00  -  Run Local Usage
		Usr 0 00:00:13, Sys 0 00:00:01  -  Total Remote Usage
		Usr 0 00:00:00, Sys 0 00:00:00  -  Total Local Usage
	0  -  Run Bytes Sent By Job
	0  -  Run Bytes Received By Job
	0  -  Total Bytes Sent By Job
	0  -  Total Bytes Received By Job
	Partitionable Resources :    Usage  Request Allocated 
	   Cpus                 :     0.16        1         1 
	   Disk (KB)            :     1           1     39369 
	   Memory (MB)          :    23           1       128 
...
009 (16595.1140.000) 12/06 11:54:16 Job was aborted by the user.
	via condor_rm (by user aspeers)
...
