000 (16595.1146.000) 12/06 11:44:42 Job submitted from host: <148.88.40.13:9618?addrs=148.88.40.13-9618&noUDP&sock=7693_562b_3>
...
001 (16595.1146.000) 12/06 11:53:34 Job executing on host: <10.42.73.206:9618?addrs=10.42.73.206-9618&noUDP&sock=1782_e1db_4>
...
006 (16595.1146.000) 12/06 11:53:42 Image size of job updated: 1824580
	247  -  MemoryUsage of job (MB)
	252580  -  ResidentSetSize of job (KB)
...
006 (16595.1146.000) 12/06 11:54:03 Image size of job updated: 2152204
	248  -  MemoryUsage of job (MB)
	253468  -  ResidentSetSize of job (KB)
...
005 (16595.1146.000) 12/06 11:54:03 Job terminated.
	(1) Normal termination (return value 0)
		Usr 0 00:00:15, Sys 0 00:00:00  -  Run Remote Usage
		Usr 0 00:00:00, Sys 0 00:00:00  -  Run Local Usage
		Usr 0 00:00:15, Sys 0 00:00:00  -  Total Remote Usage
		Usr 0 00:00:00, Sys 0 00:00:00  -  Total Local Usage
	0  -  Run Bytes Sent By Job
	0  -  Run Bytes Received By Job
	0  -  Total Bytes Sent By Job
	0  -  Total Bytes Received By Job
	Partitionable Resources :    Usage  Request Allocated 
	   Cpus                 :     0.93        1         1 
	   Disk (KB)            :     1           1     36568 
	   Memory (MB)          :   248           1       128 
...
