000 (16595.645.000) 12/06 11:44:37 Job submitted from host: <148.88.40.13:9618?addrs=148.88.40.13-9618&noUDP&sock=7693_562b_3>
...
001 (16595.645.000) 12/06 11:50:29 Job executing on host: <10.42.73.203:9618?addrs=10.42.73.203-9618&noUDP&sock=1906_ef99_4>
...
006 (16595.645.000) 12/06 11:50:37 Image size of job updated: 398256
	12  -  MemoryUsage of job (MB)
	12268  -  ResidentSetSize of job (KB)
...
006 (16595.645.000) 12/06 11:51:21 Image size of job updated: 3429804
	12  -  MemoryUsage of job (MB)
	12268  -  ResidentSetSize of job (KB)
...
005 (16595.645.000) 12/06 11:51:21 Job terminated.
	(1) Normal termination (return value 0)
		Usr 0 00:00:14, Sys 0 00:00:01  -  Run Remote Usage
		Usr 0 00:00:00, Sys 0 00:00:00  -  Run Local Usage
		Usr 0 00:00:14, Sys 0 00:00:01  -  Total Remote Usage
		Usr 0 00:00:00, Sys 0 00:00:00  -  Total Local Usage
	0  -  Run Bytes Sent By Job
	0  -  Run Bytes Received By Job
	0  -  Total Bytes Sent By Job
	0  -  Total Bytes Received By Job
	Partitionable Resources :    Usage  Request Allocated 
	   Cpus                 :     0.93        1         1 
	   Disk (KB)            :     1           1     30295 
	   Memory (MB)          :    12           1       128 
...
