000 (16595.1237.000) 12/06 11:44:43 Job submitted from host: <148.88.40.13:9618?addrs=148.88.40.13-9618&noUDP&sock=7693_562b_3>
...
001 (16595.1237.000) 12/06 11:54:08 Job executing on host: <10.42.73.201:9618?addrs=10.42.73.201-9618&noUDP&sock=1786_a03c_4>
...
006 (16595.1237.000) 12/06 11:54:16 Image size of job updated: 458296
	11  -  MemoryUsage of job (MB)
	10252  -  ResidentSetSize of job (KB)
...
006 (16595.1237.000) 12/06 11:54:17 Image size of job updated: 458296
	12  -  MemoryUsage of job (MB)
	11644  -  ResidentSetSize of job (KB)
...
004 (16595.1237.000) 12/06 11:54:17 Job was evicted.
	(0) Job was not checkpointed.
		Usr 0 00:00:00, Sys 0 00:00:00  -  Run Remote Usage
		Usr 0 00:00:00, Sys 0 00:00:00  -  Run Local Usage
	0  -  Run Bytes Sent By Job
	0  -  Run Bytes Received By Job
	Partitionable Resources :    Usage  Request Allocated 
	   Cpus                 :     0.01        1         1 
	   Disk (KB)            :     1           1     29149 
	   Memory (MB)          :    12           1       128 
...
009 (16595.1237.000) 12/06 11:54:18 Job was aborted by the user.
	via condor_rm (by user aspeers)
...
