000 (16595.1120.000) 12/06 11:44:42 Job submitted from host: <148.88.40.13:9618?addrs=148.88.40.13-9618&noUDP&sock=7693_562b_3>
...
001 (16595.1120.000) 12/06 11:53:26 Job executing on host: <10.42.74.227:9618?addrs=10.42.74.227-9618&noUDP&sock=1751_9e6b_4>
...
006 (16595.1120.000) 12/06 11:53:35 Image size of job updated: 1824560
	209  -  MemoryUsage of job (MB)
	213612  -  ResidentSetSize of job (KB)
...
006 (16595.1120.000) 12/06 11:53:56 Image size of job updated: 2148624
	209  -  MemoryUsage of job (MB)
	213612  -  ResidentSetSize of job (KB)
...
005 (16595.1120.000) 12/06 11:53:56 Job terminated.
	(1) Normal termination (return value 0)
		Usr 0 00:00:15, Sys 0 00:00:01  -  Run Remote Usage
		Usr 0 00:00:00, Sys 0 00:00:00  -  Run Local Usage
		Usr 0 00:00:15, Sys 0 00:00:01  -  Total Remote Usage
		Usr 0 00:00:00, Sys 0 00:00:00  -  Total Local Usage
	0  -  Run Bytes Sent By Job
	0  -  Run Bytes Received By Job
	0  -  Total Bytes Sent By Job
	0  -  Total Bytes Received By Job
	Partitionable Resources :    Usage  Request Allocated 
	   Cpus                 :     0.93        1         1 
	   Disk (KB)            :     1           1     39369 
	   Memory (MB)          :   209           1       128 
...
