000 (16595.779.000) 12/06 11:44:39 Job submitted from host: <148.88.40.13:9618?addrs=148.88.40.13-9618&noUDP&sock=7693_562b_3>
...
001 (16595.779.000) 12/06 11:51:22 Job executing on host: <10.42.73.208:9618?addrs=10.42.73.208-9618&noUDP&sock=1893_04de_4>
...
006 (16595.779.000) 12/06 11:51:30 Image size of job updated: 1824360
	212  -  MemoryUsage of job (MB)
	216988  -  ResidentSetSize of job (KB)
...
006 (16595.779.000) 12/06 11:51:54 Image size of job updated: 3430224
	212  -  MemoryUsage of job (MB)
	216988  -  ResidentSetSize of job (KB)
...
005 (16595.779.000) 12/06 11:51:54 Job terminated.
	(1) Normal termination (return value 0)
		Usr 0 00:00:13, Sys 0 00:00:01  -  Run Remote Usage
		Usr 0 00:00:00, Sys 0 00:00:00  -  Run Local Usage
		Usr 0 00:00:13, Sys 0 00:00:01  -  Total Remote Usage
		Usr 0 00:00:00, Sys 0 00:00:00  -  Total Local Usage
	0  -  Run Bytes Sent By Job
	0  -  Run Bytes Received By Job
	0  -  Total Bytes Sent By Job
	0  -  Total Bytes Received By Job
	Partitionable Resources :    Usage  Request Allocated 
	   Cpus                 :     0.08        1         1 
	   Disk (KB)            :     1           1     35684 
	   Memory (MB)          :   212           1       128 
...
