000 (16595.1190.000) 12/06 11:44:42 Job submitted from host: <148.88.40.13:9618?addrs=148.88.40.13-9618&noUDP&sock=7693_562b_3>
...
001 (16595.1190.000) 12/06 11:53:53 Job executing on host: <10.42.73.208:9618?addrs=10.42.73.208-9618&noUDP&sock=1893_04de_4>
...
006 (16595.1190.000) 12/06 11:54:02 Image size of job updated: 396000
	23  -  MemoryUsage of job (MB)
	22896  -  ResidentSetSize of job (KB)
...
006 (16595.1190.000) 12/06 11:54:17 Image size of job updated: 1908392
	269  -  MemoryUsage of job (MB)
	274792  -  ResidentSetSize of job (KB)
...
004 (16595.1190.000) 12/06 11:54:17 Job was evicted.
	(0) Job was not checkpointed.
		Usr 0 00:00:01, Sys 0 00:00:00  -  Run Remote Usage
		Usr 0 00:00:00, Sys 0 00:00:00  -  Run Local Usage
	0  -  Run Bytes Sent By Job
	0  -  Run Bytes Received By Job
	Partitionable Resources :    Usage  Request Allocated 
	   Cpus                 :     0.01        1         1 
	   Disk (KB)            :     1           1     35684 
	   Memory (MB)          :   269           1       128 
...
009 (16595.1190.000) 12/06 11:54:17 Job was aborted by the user.
	via condor_rm (by user aspeers)
...
