000 (16595.1241.000) 12/06 11:44:43 Job submitted from host: <148.88.40.13:9618?addrs=148.88.40.13-9618&noUDP&sock=7693_562b_3>
...
001 (16595.1241.000) 12/06 11:54:09 Job executing on host: <10.42.73.203:9618?addrs=10.42.73.203-9618&noUDP&sock=1906_ef99_4>
...
006 (16595.1241.000) 12/06 11:54:18 Image size of job updated: 1824676
	191  -  MemoryUsage of job (MB)
	195260  -  ResidentSetSize of job (KB)
...
006 (16595.1241.000) 12/06 11:54:18 Image size of job updated: 1824676
	191  -  MemoryUsage of job (MB)
	195300  -  ResidentSetSize of job (KB)
...
004 (16595.1241.000) 12/06 11:54:18 Job was evicted.
	(0) Job was not checkpointed.
		Usr 0 00:00:01, Sys 0 00:00:00  -  Run Remote Usage
		Usr 0 00:00:00, Sys 0 00:00:00  -  Run Local Usage
	0  -  Run Bytes Sent By Job
	0  -  Run Bytes Received By Job
	Partitionable Resources :    Usage  Request Allocated 
	   Cpus                 :     0.25        1         1 
	   Disk (KB)            :     1           1     30295 
	   Memory (MB)          :   191           1       128 
...
009 (16595.1241.000) 12/06 11:54:18 Job was aborted by the user.
	via condor_rm (by user aspeers)
...
