000 (16595.198.000) 12/06 11:44:33 Job submitted from host: <148.88.40.13:9618?addrs=148.88.40.13-9618&noUDP&sock=7693_562b_3>
...
001 (16595.198.000) 12/06 11:46:49 Job executing on host: <10.42.74.224:9618?addrs=10.42.74.224-9618&noUDP&sock=1804_f8f0_4>
...
006 (16595.198.000) 12/06 11:46:57 Image size of job updated: 2146868
	507  -  MemoryUsage of job (MB)
	519112  -  ResidentSetSize of job (KB)
...
006 (16595.198.000) 12/06 11:47:08 Image size of job updated: 2149044
	507  -  MemoryUsage of job (MB)
	519112  -  ResidentSetSize of job (KB)
...
005 (16595.198.000) 12/06 11:47:08 Job terminated.
	(1) Normal termination (return value 0)
		Usr 0 00:00:16, Sys 0 00:00:01  -  Run Remote Usage
		Usr 0 00:00:00, Sys 0 00:00:00  -  Run Local Usage
		Usr 0 00:00:16, Sys 0 00:00:01  -  Total Remote Usage
		Usr 0 00:00:00, Sys 0 00:00:00  -  Total Local Usage
	0  -  Run Bytes Sent By Job
	0  -  Run Bytes Received By Job
	0  -  Total Bytes Sent By Job
	0  -  Total Bytes Received By Job
	Partitionable Resources :    Usage  Request Allocated 
	   Cpus                 :     0.57        1         1 
	   Disk (KB)            :     1           1     39043 
	   Memory (MB)          :   507           1       128 
...
