000 (16595.439.000) 12/06 11:44:35 Job submitted from host: <148.88.40.13:9618?addrs=148.88.40.13-9618&noUDP&sock=7693_562b_3>
...
001 (16595.439.000) 12/06 11:49:22 Job executing on host: <10.42.73.206:9618?addrs=10.42.73.206-9618&noUDP&sock=1782_e1db_4>
...
006 (16595.439.000) 12/06 11:49:30 Image size of job updated: 1190436
	202  -  MemoryUsage of job (MB)
	206340  -  ResidentSetSize of job (KB)
...
006 (16595.439.000) 12/06 11:50:17 Image size of job updated: 3430724
	202  -  MemoryUsage of job (MB)
	206340  -  ResidentSetSize of job (KB)
...
005 (16595.439.000) 12/06 11:50:17 Job terminated.
	(1) Normal termination (return value 0)
		Usr 0 00:00:12, Sys 0 00:00:01  -  Run Remote Usage
		Usr 0 00:00:00, Sys 0 00:00:00  -  Run Local Usage
		Usr 0 00:00:12, Sys 0 00:00:01  -  Total Remote Usage
		Usr 0 00:00:00, Sys 0 00:00:00  -  Total Local Usage
	0  -  Run Bytes Sent By Job
	0  -  Run Bytes Received By Job
	0  -  Total Bytes Sent By Job
	0  -  Total Bytes Received By Job
	Partitionable Resources :    Usage  Request Allocated 
	   Cpus                 :     0.63        1         1 
	   Disk (KB)            :     1           1     36568 
	   Memory (MB)          :   202           1       128 
...
