000 (16595.1179.000) 12/06 11:44:42 Job submitted from host: <148.88.40.13:9618?addrs=148.88.40.13-9618&noUDP&sock=7693_562b_3>
...
001 (16595.1179.000) 12/06 11:53:49 Job executing on host: <10.42.74.224:9618?addrs=10.42.74.224-9618&noUDP&sock=1804_f8f0_4>
...
006 (16595.1179.000) 12/06 11:53:58 Image size of job updated: 399636
	30  -  MemoryUsage of job (MB)
	30164  -  ResidentSetSize of job (KB)
...
006 (16595.1179.000) 12/06 11:54:16 Image size of job updated: 2119368
	453  -  MemoryUsage of job (MB)
	463552  -  ResidentSetSize of job (KB)
...
004 (16595.1179.000) 12/06 11:54:16 Job was evicted.
	(0) Job was not checkpointed.
		Usr 0 00:00:02, Sys 0 00:00:00  -  Run Remote Usage
		Usr 0 00:00:00, Sys 0 00:00:00  -  Run Local Usage
	0  -  Run Bytes Sent By Job
	0  -  Run Bytes Received By Job
	Partitionable Resources :    Usage  Request Allocated 
	   Cpus                 :     0.03        1         1 
	   Disk (KB)            :     1           1     39043 
	   Memory (MB)          :   453           1       128 
...
009 (16595.1179.000) 12/06 11:54:16 Job was aborted by the user.
	via condor_rm (by user aspeers)
...
