000 (16595.1063.000) 12/06 11:44:41 Job submitted from host: <148.88.40.13:9618?addrs=148.88.40.13-9618&noUDP&sock=7693_562b_3>
...
001 (16595.1063.000) 12/06 11:53:03 Job executing on host: <10.42.73.204:9618?addrs=10.42.73.204-9618&noUDP&sock=1807_07b9_4>
...
006 (16595.1063.000) 12/06 11:53:11 Image size of job updated: 395868
	10  -  MemoryUsage of job (MB)
	9996  -  ResidentSetSize of job (KB)
...
006 (16595.1063.000) 12/06 11:54:16 Image size of job updated: 2147164
	347  -  MemoryUsage of job (MB)
	354844  -  ResidentSetSize of job (KB)
...
004 (16595.1063.000) 12/06 11:54:16 Job was evicted.
	(0) Job was not checkpointed.
		Usr 0 00:00:02, Sys 0 00:00:01  -  Run Remote Usage
		Usr 0 00:00:00, Sys 0 00:00:00  -  Run Local Usage
	0  -  Run Bytes Sent By Job
	0  -  Run Bytes Received By Job
	Partitionable Resources :    Usage  Request Allocated 
	   Cpus                 :     0.03        1         1 
	   Disk (KB)            :     1           1     29020 
	   Memory (MB)          :   347           1       128 
...
009 (16595.1063.000) 12/06 11:54:16 Job was aborted by the user.
	via condor_rm (by user aspeers)
...
