000 (16595.354.000) 12/06 11:44:34 Job submitted from host: <148.88.40.13:9618?addrs=148.88.40.13-9618&noUDP&sock=7693_562b_3>
...
001 (16595.354.000) 12/06 11:47:46 Job executing on host: <10.42.74.220:9618?addrs=10.42.74.220-9618&noUDP&sock=1735_a4e8_4>
...
006 (16595.354.000) 12/06 11:47:55 Image size of job updated: 1824300
	474  -  MemoryUsage of job (MB)
	484540  -  ResidentSetSize of job (KB)
...
006 (16595.354.000) 12/06 11:48:09 Image size of job updated: 2149464
	476  -  MemoryUsage of job (MB)
	486680  -  ResidentSetSize of job (KB)
...
005 (16595.354.000) 12/06 11:48:09 Job terminated.
	(1) Normal termination (return value 0)
		Usr 0 00:00:13, Sys 0 00:00:01  -  Run Remote Usage
		Usr 0 00:00:00, Sys 0 00:00:00  -  Run Local Usage
		Usr 0 00:00:13, Sys 0 00:00:01  -  Total Remote Usage
		Usr 0 00:00:00, Sys 0 00:00:00  -  Total Local Usage
	0  -  Run Bytes Sent By Job
	0  -  Run Bytes Received By Job
	0  -  Total Bytes Sent By Job
	0  -  Total Bytes Received By Job
	Partitionable Resources :    Usage  Request Allocated 
	   Cpus                 :     1.00        1         1 
	   Disk (KB)            :     1           1     38661 
	   Memory (MB)          :   476           1       128 
...
