000 (16595.109.000) 12/06 11:44:32 Job submitted from host: <148.88.40.13:9618?addrs=148.88.40.13-9618&noUDP&sock=7693_562b_3>
...
001 (16595.109.000) 12/06 11:46:11 Job executing on host: <10.42.73.208:9618?addrs=10.42.73.208-9618&noUDP&sock=1893_04de_4>
...
006 (16595.109.000) 12/06 11:46:20 Image size of job updated: 2148400
	499  -  MemoryUsage of job (MB)
	510776  -  ResidentSetSize of job (KB)
...
006 (16595.109.000) 12/06 11:46:26 Image size of job updated: 2151404
	499  -  MemoryUsage of job (MB)
	510776  -  ResidentSetSize of job (KB)
...
005 (16595.109.000) 12/06 11:46:26 Job terminated.
	(1) Normal termination (return value 0)
		Usr 0 00:00:11, Sys 0 00:00:00  -  Run Remote Usage
		Usr 0 00:00:00, Sys 0 00:00:00  -  Run Local Usage
		Usr 0 00:00:11, Sys 0 00:00:00  -  Total Remote Usage
		Usr 0 00:00:00, Sys 0 00:00:00  -  Total Local Usage
	0  -  Run Bytes Sent By Job
	0  -  Run Bytes Received By Job
	0  -  Total Bytes Sent By Job
	0  -  Total Bytes Received By Job
	Partitionable Resources :    Usage  Request Allocated 
	   Cpus                 :     1.00        1         1 
	   Disk (KB)            :     1           1     35684 
	   Memory (MB)          :   499           1       128 
...
