000 (16595.1150.000) 12/06 11:44:42 Job submitted from host: <148.88.40.13:9618?addrs=148.88.40.13-9618&noUDP&sock=7693_562b_3>
...
001 (16595.1150.000) 12/06 11:53:36 Job executing on host: <10.42.74.225:9618?addrs=10.42.74.225-9618&noUDP&sock=1801_ea28_4>
...
006 (16595.1150.000) 12/06 11:53:44 Image size of job updated: 1824568
	203  -  MemoryUsage of job (MB)
	207200  -  ResidentSetSize of job (KB)
...
006 (16595.1150.000) 12/06 11:54:00 Image size of job updated: 2153312
	203  -  MemoryUsage of job (MB)
	207212  -  ResidentSetSize of job (KB)
...
005 (16595.1150.000) 12/06 11:54:00 Job terminated.
	(1) Normal termination (return value 0)
		Usr 0 00:00:12, Sys 0 00:00:00  -  Run Remote Usage
		Usr 0 00:00:00, Sys 0 00:00:00  -  Run Local Usage
		Usr 0 00:00:12, Sys 0 00:00:00  -  Total Remote Usage
		Usr 0 00:00:00, Sys 0 00:00:00  -  Total Local Usage
	0  -  Run Bytes Sent By Job
	0  -  Run Bytes Received By Job
	0  -  Total Bytes Sent By Job
	0  -  Total Bytes Received By Job
	Partitionable Resources :    Usage  Request Allocated 
	   Cpus                 :     0.74        1         1 
	   Disk (KB)            :     1           1     38132 
	   Memory (MB)          :   203           1       128 
...
