000 (16595.018.000) 12/06 11:44:31 Job submitted from host: <148.88.40.13:9618?addrs=148.88.40.13-9618&noUDP&sock=7693_562b_3>
...
001 (16595.018.000) 12/06 11:45:20 Job executing on host: <10.42.74.223:9618?addrs=10.42.74.223-9618&noUDP&sock=1783_9173_4>
...
006 (16595.018.000) 12/06 11:45:28 Image size of job updated: 513248
	502  -  MemoryUsage of job (MB)
	513248  -  ResidentSetSize of job (KB)
...
006 (16595.018.000) 12/06 11:45:33 Image size of job updated: 2151872
	502  -  MemoryUsage of job (MB)
	513248  -  ResidentSetSize of job (KB)
...
005 (16595.018.000) 12/06 11:45:33 Job terminated.
	(1) Normal termination (return value 0)
		Usr 0 00:00:11, Sys 0 00:00:00  -  Run Remote Usage
		Usr 0 00:00:00, Sys 0 00:00:00  -  Run Local Usage
		Usr 0 00:00:11, Sys 0 00:00:00  -  Total Remote Usage
		Usr 0 00:00:00, Sys 0 00:00:00  -  Total Local Usage
	0  -  Run Bytes Sent By Job
	0  -  Run Bytes Received By Job
	0  -  Total Bytes Sent By Job
	0  -  Total Bytes Received By Job
	Partitionable Resources :    Usage  Request Allocated 
	   Cpus                 :     0.86        1         1 
	   Disk (KB)            :     1           1     40381 
	   Memory (MB)          :   502           1       128 
...
