000 (16595.398.000) 12/06 11:44:35 Job submitted from host: <148.88.40.13:9618?addrs=148.88.40.13-9618&noUDP&sock=7693_562b_3>
...
001 (16595.398.000) 12/06 11:48:01 Job executing on host: <10.42.73.205:9618?addrs=10.42.73.205-9618&noUDP&sock=1767_97ef_4>
...
006 (16595.398.000) 12/06 11:48:10 Image size of job updated: 1832196
	228  -  MemoryUsage of job (MB)
	232576  -  ResidentSetSize of job (KB)
...
006 (16595.398.000) 12/06 11:48:25 Image size of job updated: 2149092
	228  -  MemoryUsage of job (MB)
	232576  -  ResidentSetSize of job (KB)
...
005 (16595.398.000) 12/06 11:49:22 Job terminated.
	(1) Normal termination (return value 0)
		Usr 0 00:00:14, Sys 0 00:00:01  -  Run Remote Usage
		Usr 0 00:00:00, Sys 0 00:00:00  -  Run Local Usage
		Usr 0 00:00:14, Sys 0 00:00:01  -  Total Remote Usage
		Usr 0 00:00:00, Sys 0 00:00:00  -  Total Local Usage
	0  -  Run Bytes Sent By Job
	0  -  Run Bytes Received By Job
	0  -  Total Bytes Sent By Job
	0  -  Total Bytes Received By Job
	Partitionable Resources :    Usage  Request Allocated 
	   Cpus                 :     0.15        1         1 
	   Disk (KB)            :     1           1     36348 
	   Memory (MB)          :   228           1       128 
...
