000 (16595.044.000) 12/06 11:44:31 Job submitted from host: <148.88.40.13:9618?addrs=148.88.40.13-9618&noUDP&sock=7693_562b_3>
...
001 (16595.044.000) 12/06 11:45:33 Job executing on host: <10.42.73.204:9618?addrs=10.42.73.204-9618&noUDP&sock=1807_07b9_4>
...
006 (16595.044.000) 12/06 11:45:42 Image size of job updated: 2119032
	494  -  MemoryUsage of job (MB)
	505340  -  ResidentSetSize of job (KB)
...
006 (16595.044.000) 12/06 11:45:52 Image size of job updated: 2150116
	494  -  MemoryUsage of job (MB)
	505492  -  ResidentSetSize of job (KB)
...
005 (16595.044.000) 12/06 11:45:52 Job terminated.
	(1) Normal termination (return value 0)
		Usr 0 00:00:12, Sys 0 00:00:01  -  Run Remote Usage
		Usr 0 00:00:00, Sys 0 00:00:00  -  Run Local Usage
		Usr 0 00:00:12, Sys 0 00:00:01  -  Total Remote Usage
		Usr 0 00:00:00, Sys 0 00:00:00  -  Total Local Usage
	0  -  Run Bytes Sent By Job
	0  -  Run Bytes Received By Job
	0  -  Total Bytes Sent By Job
	0  -  Total Bytes Received By Job
	Partitionable Resources :    Usage  Request Allocated 
	   Cpus                 :     0.50        1         1 
	   Disk (KB)            :     1           1     29020 
	   Memory (MB)          :   494           1       128 
...
