000 (16595.1086.000) 12/06 11:44:41 Job submitted from host: <148.88.40.13:9618?addrs=148.88.40.13-9618&noUDP&sock=7693_562b_3>
...
001 (16595.1086.000) 12/06 11:53:13 Job executing on host: <10.42.74.223:9618?addrs=10.42.74.223-9618&noUDP&sock=1783_9173_4>
...
006 (16595.1086.000) 12/06 11:53:22 Image size of job updated: 569828
	65  -  MemoryUsage of job (MB)
	65660  -  ResidentSetSize of job (KB)
...
006 (16595.1086.000) 12/06 11:53:49 Image size of job updated: 2152996
	66  -  MemoryUsage of job (MB)
	66840  -  ResidentSetSize of job (KB)
...
005 (16595.1086.000) 12/06 11:53:49 Job terminated.
	(1) Normal termination (return value 0)
		Usr 0 00:00:13, Sys 0 00:00:01  -  Run Remote Usage
		Usr 0 00:00:00, Sys 0 00:00:00  -  Run Local Usage
		Usr 0 00:00:13, Sys 0 00:00:01  -  Total Remote Usage
		Usr 0 00:00:00, Sys 0 00:00:00  -  Total Local Usage
	0  -  Run Bytes Sent By Job
	0  -  Run Bytes Received By Job
	0  -  Total Bytes Sent By Job
	0  -  Total Bytes Received By Job
	Partitionable Resources :    Usage  Request Allocated 
	   Cpus                 :     0.76        1         1 
	   Disk (KB)            :     1           1     40381 
	   Memory (MB)          :    66           1       128 
...
