000 (16595.1178.000) 12/06 11:44:42 Job submitted from host: <148.88.40.13:9618?addrs=148.88.40.13-9618&noUDP&sock=7693_562b_3>
...
001 (16595.1178.000) 12/06 11:53:48 Job executing on host: <10.42.74.226:9618?addrs=10.42.74.226-9618&noUDP&sock=1737_0418_4>
...
006 (16595.1178.000) 12/06 11:53:57 Image size of job updated: 399900
	14  -  MemoryUsage of job (MB)
	13708  -  ResidentSetSize of job (KB)
...
006 (16595.1178.000) 12/06 11:54:16 Image size of job updated: 3429776
	212  -  MemoryUsage of job (MB)
	216848  -  ResidentSetSize of job (KB)
...
004 (16595.1178.000) 12/06 11:54:16 Job was evicted.
	(0) Job was not checkpointed.
		Usr 0 00:00:01, Sys 0 00:00:00  -  Run Remote Usage
		Usr 0 00:00:00, Sys 0 00:00:00  -  Run Local Usage
	0  -  Run Bytes Sent By Job
	0  -  Run Bytes Received By Job
	Partitionable Resources :    Usage  Request Allocated 
	   Cpus                 :        0        1         1 
	   Disk (KB)            :        1        1     39194 
	   Memory (MB)          :      212        1       128 
...
009 (16595.1178.000) 12/06 11:54:16 Job was aborted by the user.
	via condor_rm (by user aspeers)
...
