000 (16595.832.000) 12/06 11:44:39 Job submitted from host: <148.88.40.13:9618?addrs=148.88.40.13-9618&noUDP&sock=7693_562b_3>
...
001 (16595.832.000) 12/06 11:51:39 Job executing on host: <10.42.74.220:9618?addrs=10.42.74.220-9618&noUDP&sock=1735_a4e8_4>
...
006 (16595.832.000) 12/06 11:51:48 Image size of job updated: 507904
	50  -  MemoryUsage of job (MB)
	50708  -  ResidentSetSize of job (KB)
...
006 (16595.832.000) 12/06 11:52:21 Image size of job updated: 2151684
	50  -  MemoryUsage of job (MB)
	50708  -  ResidentSetSize of job (KB)
...
005 (16595.832.000) 12/06 11:52:21 Job terminated.
	(1) Normal termination (return value 0)
		Usr 0 00:00:14, Sys 0 00:00:01  -  Run Remote Usage
		Usr 0 00:00:00, Sys 0 00:00:00  -  Run Local Usage
		Usr 0 00:00:14, Sys 0 00:00:01  -  Total Remote Usage
		Usr 0 00:00:00, Sys 0 00:00:00  -  Total Local Usage
	0  -  Run Bytes Sent By Job
	0  -  Run Bytes Received By Job
	0  -  Total Bytes Sent By Job
	0  -  Total Bytes Received By Job
	Partitionable Resources :    Usage  Request Allocated 
	   Cpus                 :     0.93        1         1 
	   Disk (KB)            :     1           1     38661 
	   Memory (MB)          :    50           1       128 
...
