000 (16595.407.000) 12/06 11:44:35 Job submitted from host: <148.88.40.13:9618?addrs=148.88.40.13-9618&noUDP&sock=7693_562b_3>
...
001 (16595.407.000) 12/06 11:48:05 Job executing on host: <10.42.74.224:9618?addrs=10.42.74.224-9618&noUDP&sock=1804_f8f0_4>
...
006 (16595.407.000) 12/06 11:48:14 Image size of job updated: 1765468
	295  -  MemoryUsage of job (MB)
	301512  -  ResidentSetSize of job (KB)
...
006 (16595.407.000) 12/06 11:48:29 Image size of job updated: 2151320
	295  -  MemoryUsage of job (MB)
	301900  -  ResidentSetSize of job (KB)
...
005 (16595.407.000) 12/06 11:49:22 Job terminated.
	(1) Normal termination (return value 0)
		Usr 0 00:00:15, Sys 0 00:00:01  -  Run Remote Usage
		Usr 0 00:00:00, Sys 0 00:00:00  -  Run Local Usage
		Usr 0 00:00:15, Sys 0 00:00:01  -  Total Remote Usage
		Usr 0 00:00:00, Sys 0 00:00:00  -  Total Local Usage
	0  -  Run Bytes Sent By Job
	0  -  Run Bytes Received By Job
	0  -  Total Bytes Sent By Job
	0  -  Total Bytes Received By Job
	Partitionable Resources :    Usage  Request Allocated 
	   Cpus                 :     0.20        1         1 
	   Disk (KB)            :     1           1     39043 
	   Memory (MB)          :   295           1       128 
...
