000 (16597.3174.000) 12/06 12:11:31 Job submitted from host: <148.88.40.13:9618?addrs=148.88.40.13-9618&noUDP&sock=7693_562b_3>
...
001 (16597.3174.000) 12/06 12:16:10 Job executing on host: <10.42.73.206:9618?addrs=10.42.73.206-9618&noUDP&sock=1782_e1db_4>
...
006 (16597.3174.000) 12/06 12:16:14 Image size of job updated: 2156168
	0  -  MemoryUsage of job (MB)
	0  -  ResidentSetSize of job (KB)
...
005 (16597.3174.000) 12/06 12:16:14 Job terminated.
	(1) Normal termination (return value 0)
		Usr 0 00:00:02, Sys 0 00:00:00  -  Run Remote Usage
		Usr 0 00:00:00, Sys 0 00:00:00  -  Run Local Usage
		Usr 0 00:00:02, Sys 0 00:00:00  -  Total Remote Usage
		Usr 0 00:00:00, Sys 0 00:00:00  -  Total Local Usage
	0  -  Run Bytes Sent By Job
	0  -  Run Bytes Received By Job
	0  -  Total Bytes Sent By Job
	0  -  Total Bytes Received By Job
	Partitionable Resources :    Usage  Request Allocated 
	   Cpus                 :     0.29        1         1 
	   Disk (KB)            :     1           1     36568 
	   Memory (MB)          :     0           1       128 
...
