000 (16595.1206.000) 12/06 11:44:43 Job submitted from host: <148.88.40.13:9618?addrs=148.88.40.13-9618&noUDP&sock=7693_562b_3>
...
001 (16595.1206.000) 12/06 11:53:58 Job executing on host: <10.42.74.221:9618?addrs=10.42.74.221-9618&noUDP&sock=1766_e857_4>
...
006 (16595.1206.000) 12/06 11:54:06 Image size of job updated: 279932
	190  -  MemoryUsage of job (MB)
	193908  -  ResidentSetSize of job (KB)
...
006 (16595.1206.000) 12/06 11:54:17 Image size of job updated: 2141860
	491  -  MemoryUsage of job (MB)
	501960  -  ResidentSetSize of job (KB)
...
004 (16595.1206.000) 12/06 11:54:17 Job was evicted.
	(0) Job was not checkpointed.
		Usr 0 00:00:02, Sys 0 00:00:00  -  Run Remote Usage
		Usr 0 00:00:00, Sys 0 00:00:00  -  Run Local Usage
	0  -  Run Bytes Sent By Job
	0  -  Run Bytes Received By Job
	Partitionable Resources :    Usage  Request Allocated 
	   Cpus                 :     0.09        1         1 
	   Disk (KB)            :     1           1     38053 
	   Memory (MB)          :   491           1       128 
...
009 (16595.1206.000) 12/06 11:54:17 Job was aborted by the user.
	via condor_rm (by user aspeers)
...
