000 (16595.213.000) 12/06 11:44:33 Job submitted from host: <148.88.40.13:9618?addrs=148.88.40.13-9618&noUDP&sock=7693_562b_3>
...
001 (16595.213.000) 12/06 11:46:55 Job executing on host: <10.42.74.226:9618?addrs=10.42.74.226-9618&noUDP&sock=1737_0418_4>
...
006 (16595.213.000) 12/06 11:47:03 Image size of job updated: 455868
	446  -  MemoryUsage of job (MB)
	455868  -  ResidentSetSize of job (KB)
...
006 (16595.213.000) 12/06 11:47:14 Image size of job updated: 2148928
	453  -  MemoryUsage of job (MB)
	463172  -  ResidentSetSize of job (KB)
...
005 (16595.213.000) 12/06 11:47:14 Job terminated.
	(1) Normal termination (return value 0)
		Usr 0 00:00:12, Sys 0 00:00:01  -  Run Remote Usage
		Usr 0 00:00:00, Sys 0 00:00:00  -  Run Local Usage
		Usr 0 00:00:12, Sys 0 00:00:01  -  Total Remote Usage
		Usr 0 00:00:00, Sys 0 00:00:00  -  Total Local Usage
	0  -  Run Bytes Sent By Job
	0  -  Run Bytes Received By Job
	0  -  Total Bytes Sent By Job
	0  -  Total Bytes Received By Job
	Partitionable Resources :    Usage  Request Allocated 
	   Cpus                 :     0.42        1         1 
	   Disk (KB)            :     1           1     39194 
	   Memory (MB)          :   453           1       128 
...
