000 (16595.669.000) 12/06 11:44:38 Job submitted from host: <148.88.40.13:9618?addrs=148.88.40.13-9618&noUDP&sock=7693_562b_3>
...
001 (16595.669.000) 12/06 11:50:37 Job executing on host: <10.42.74.224:9618?addrs=10.42.74.224-9618&noUDP&sock=1804_f8f0_4>
...
006 (16595.669.000) 12/06 11:50:46 Image size of job updated: 1170132
	190  -  MemoryUsage of job (MB)
	194244  -  ResidentSetSize of job (KB)
...
006 (16595.669.000) 12/06 11:51:12 Image size of job updated: 3430560
	190  -  MemoryUsage of job (MB)
	194244  -  ResidentSetSize of job (KB)
...
005 (16595.669.000) 12/06 11:51:12 Job terminated.
	(1) Normal termination (return value 0)
		Usr 0 00:00:15, Sys 0 00:00:01  -  Run Remote Usage
		Usr 0 00:00:00, Sys 0 00:00:00  -  Run Local Usage
		Usr 0 00:00:15, Sys 0 00:00:01  -  Total Remote Usage
		Usr 0 00:00:00, Sys 0 00:00:00  -  Total Local Usage
	0  -  Run Bytes Sent By Job
	0  -  Run Bytes Received By Job
	0  -  Total Bytes Sent By Job
	0  -  Total Bytes Received By Job
	Partitionable Resources :    Usage  Request Allocated 
	   Cpus                 :     0.64        1         1 
	   Disk (KB)            :     1           1     39043 
	   Memory (MB)          :   190           1       128 
...
