000 (16595.1240.000) 12/06 11:44:43 Job submitted from host: <148.88.40.13:9618?addrs=148.88.40.13-9618&noUDP&sock=7693_562b_3>
...
001 (16595.1240.000) 12/06 11:54:09 Job executing on host: <10.42.73.202:9618?addrs=10.42.73.202-9618&noUDP&sock=1784_410c_4>
...
006 (16595.1240.000) 12/06 11:54:17 Image size of job updated: 566480
	70  -  MemoryUsage of job (MB)
	71412  -  ResidentSetSize of job (KB)
...
006 (16595.1240.000) 12/06 11:54:18 Image size of job updated: 1830052
	269  -  MemoryUsage of job (MB)
	274772  -  ResidentSetSize of job (KB)
...
004 (16595.1240.000) 12/06 11:54:18 Job was evicted.
	(0) Job was not checkpointed.
		Usr 0 00:00:01, Sys 0 00:00:00  -  Run Remote Usage
		Usr 0 00:00:00, Sys 0 00:00:00  -  Run Local Usage
	0  -  Run Bytes Sent By Job
	0  -  Run Bytes Received By Job
	Partitionable Resources :    Usage  Request Allocated 
	   Cpus                 :     0.10        1         1 
	   Disk (KB)            :     1           1     30566 
	   Memory (MB)          :   269           1       128 
...
009 (16595.1240.000) 12/06 11:54:18 Job was aborted by the user.
	via condor_rm (by user aspeers)
...
