000 (16595.340.000) 12/06 11:44:34 Job submitted from host: <148.88.40.13:9618?addrs=148.88.40.13-9618&noUDP&sock=7693_562b_3>
...
001 (16595.340.000) 12/06 11:47:37 Job executing on host: <10.42.74.224:9618?addrs=10.42.74.224-9618&noUDP&sock=1804_f8f0_4>
...
006 (16595.340.000) 12/06 11:47:46 Image size of job updated: 219032
	214  -  MemoryUsage of job (MB)
	219032  -  ResidentSetSize of job (KB)
...
006 (16595.340.000) 12/06 11:47:59 Image size of job updated: 2147676
	214  -  MemoryUsage of job (MB)
	219032  -  ResidentSetSize of job (KB)
...
005 (16595.340.000) 12/06 11:47:59 Job terminated.
	(1) Normal termination (return value 0)
		Usr 0 00:00:11, Sys 0 00:00:00  -  Run Remote Usage
		Usr 0 00:00:00, Sys 0 00:00:00  -  Run Local Usage
		Usr 0 00:00:11, Sys 0 00:00:00  -  Total Remote Usage
		Usr 0 00:00:00, Sys 0 00:00:00  -  Total Local Usage
	0  -  Run Bytes Sent By Job
	0  -  Run Bytes Received By Job
	0  -  Total Bytes Sent By Job
	0  -  Total Bytes Received By Job
	Partitionable Resources :    Usage  Request Allocated 
	   Cpus                 :     0.98        1         1 
	   Disk (KB)            :     1           1     39043 
	   Memory (MB)          :   214           1       128 
...
