000 (16595.1054.000) 12/06 11:44:41 Job submitted from host: <148.88.40.13:9618?addrs=148.88.40.13-9618&noUDP&sock=7693_562b_3>
...
001 (16595.1054.000) 12/06 11:53:01 Job executing on host: <10.42.74.222:9618?addrs=10.42.74.222-9618&noUDP&sock=1757_bbfd_4>
...
006 (16595.1054.000) 12/06 11:53:09 Image size of job updated: 397332
	12  -  MemoryUsage of job (MB)
	11580  -  ResidentSetSize of job (KB)
...
006 (16595.1054.000) 12/06 11:54:16 Image size of job updated: 3430504
	494  -  MemoryUsage of job (MB)
	504836  -  ResidentSetSize of job (KB)
...
004 (16595.1054.000) 12/06 11:54:16 Job was evicted.
	(0) Job was not checkpointed.
		Usr 0 00:00:10, Sys 0 00:00:01  -  Run Remote Usage
		Usr 0 00:00:00, Sys 0 00:00:00  -  Run Local Usage
	0  -  Run Bytes Sent By Job
	0  -  Run Bytes Received By Job
	Partitionable Resources :    Usage  Request Allocated 
	   Cpus                 :     1.00        1         1 
	   Disk (KB)            :     1           1     38900 
	   Memory (MB)          :   494           1       128 
...
009 (16595.1054.000) 12/06 11:54:16 Job was aborted by the user.
	via condor_rm (by user aspeers)
...
