000 (16595.025.000) 12/06 11:44:31 Job submitted from host: <148.88.40.13:9618?addrs=148.88.40.13-9618&noUDP&sock=7693_562b_3>
...
001 (16595.025.000) 12/06 11:45:22 Job executing on host: <10.42.74.226:9618?addrs=10.42.74.226-9618&noUDP&sock=1737_0418_4>
...
006 (16595.025.000) 12/06 11:45:31 Image size of job updated: 507124
	496  -  MemoryUsage of job (MB)
	507124  -  ResidentSetSize of job (KB)
...
006 (16595.025.000) 12/06 11:45:37 Image size of job updated: 2149388
	496  -  MemoryUsage of job (MB)
	507124  -  ResidentSetSize of job (KB)
...
005 (16595.025.000) 12/06 11:45:37 Job terminated.
	(1) Normal termination (return value 0)
		Usr 0 00:00:11, Sys 0 00:00:01  -  Run Remote Usage
		Usr 0 00:00:00, Sys 0 00:00:00  -  Run Local Usage
		Usr 0 00:00:11, Sys 0 00:00:01  -  Total Remote Usage
		Usr 0 00:00:00, Sys 0 00:00:00  -  Total Local Usage
	0  -  Run Bytes Sent By Job
	0  -  Run Bytes Received By Job
	0  -  Total Bytes Sent By Job
	0  -  Total Bytes Received By Job
	Partitionable Resources :    Usage  Request Allocated 
	   Cpus                 :        0        1         1 
	   Disk (KB)            :        1        1     39194 
	   Memory (MB)          :      496        1       128 
...
