000 (16597.4821.000) 12/06 12:11:48 Job submitted from host: <148.88.40.13:9618?addrs=148.88.40.13-9618&noUDP&sock=7693_562b_3>
...
001 (16597.4821.000) 12/06 12:17:18 Job executing on host: <10.42.74.226:9618?addrs=10.42.74.226-9618&noUDP&sock=1737_0418_4>
...
006 (16597.4821.000) 12/06 12:17:22 Image size of job updated: 1771452
	0  -  MemoryUsage of job (MB)
	0  -  ResidentSetSize of job (KB)
...
005 (16597.4821.000) 12/06 12:17:22 Job terminated.
	(1) Normal termination (return value 0)
		Usr 0 00:00:02, Sys 0 00:00:00  -  Run Remote Usage
		Usr 0 00:00:00, Sys 0 00:00:00  -  Run Local Usage
		Usr 0 00:00:02, Sys 0 00:00:00  -  Total Remote Usage
		Usr 0 00:00:00, Sys 0 00:00:00  -  Total Local Usage
	0  -  Run Bytes Sent By Job
	0  -  Run Bytes Received By Job
	0  -  Total Bytes Sent By Job
	0  -  Total Bytes Received By Job
	Partitionable Resources :    Usage  Request Allocated 
	   Cpus                 :     0.87        1         1 
	   Disk (KB)            :     1           1     39194 
	   Memory (MB)          :     0           1       128 
...
