000 (16595.721.000) 12/06 11:44:38 Job submitted from host: <148.88.40.13:9618?addrs=148.88.40.13-9618&noUDP&sock=7693_562b_3>
...
001 (16595.721.000) 12/06 11:50:54 Job executing on host: <10.42.73.202:9618?addrs=10.42.73.202-9618&noUDP&sock=1784_410c_4>
...
006 (16595.721.000) 12/06 11:51:03 Image size of job updated: 193656
	190  -  MemoryUsage of job (MB)
	193656  -  ResidentSetSize of job (KB)
...
006 (16595.721.000) 12/06 11:51:26 Image size of job updated: 3430484
	190  -  MemoryUsage of job (MB)
	193656  -  ResidentSetSize of job (KB)
...
005 (16595.721.000) 12/06 11:51:26 Job terminated.
	(1) Normal termination (return value 0)
		Usr 0 00:00:12, Sys 0 00:00:01  -  Run Remote Usage
		Usr 0 00:00:00, Sys 0 00:00:00  -  Run Local Usage
		Usr 0 00:00:12, Sys 0 00:00:01  -  Total Remote Usage
		Usr 0 00:00:00, Sys 0 00:00:00  -  Total Local Usage
	0  -  Run Bytes Sent By Job
	0  -  Run Bytes Received By Job
	0  -  Total Bytes Sent By Job
	0  -  Total Bytes Received By Job
	Partitionable Resources :    Usage  Request Allocated 
	   Cpus                 :     0.81        1         1 
	   Disk (KB)            :     1           1     30566 
	   Memory (MB)          :   190           1       128 
...
