000 (16595.823.000) 12/06 11:44:39 Job submitted from host: <148.88.40.13:9618?addrs=148.88.40.13-9618&noUDP&sock=7693_562b_3>
...
001 (16595.823.000) 12/06 11:51:34 Job executing on host: <10.42.73.205:9618?addrs=10.42.73.205-9618&noUDP&sock=1767_97ef_4>
...
006 (16595.823.000) 12/06 11:51:43 Image size of job updated: 395868
	13  -  MemoryUsage of job (MB)
	12396  -  ResidentSetSize of job (KB)
...
006 (16595.823.000) 12/06 11:52:09 Image size of job updated: 3428624
	13  -  MemoryUsage of job (MB)
	12396  -  ResidentSetSize of job (KB)
...
005 (16595.823.000) 12/06 11:52:09 Job terminated.
	(1) Normal termination (return value 0)
		Usr 0 00:00:12, Sys 0 00:00:01  -  Run Remote Usage
		Usr 0 00:00:00, Sys 0 00:00:00  -  Run Local Usage
		Usr 0 00:00:12, Sys 0 00:00:01  -  Total Remote Usage
		Usr 0 00:00:00, Sys 0 00:00:00  -  Total Local Usage
	0  -  Run Bytes Sent By Job
	0  -  Run Bytes Received By Job
	0  -  Total Bytes Sent By Job
	0  -  Total Bytes Received By Job
	Partitionable Resources :    Usage  Request Allocated 
	   Cpus                 :     0.82        1         1 
	   Disk (KB)            :     1           1     36348 
	   Memory (MB)          :    13           1       128 
...
