000 (16595.541.000) 12/06 11:44:36 Job submitted from host: <148.88.40.13:9618?addrs=148.88.40.13-9618&noUDP&sock=7693_562b_3>
...
001 (16595.541.000) 12/06 11:50:00 Job executing on host: <10.42.73.208:9618?addrs=10.42.73.208-9618&noUDP&sock=1893_04de_4>
...
006 (16595.541.000) 12/06 11:50:09 Image size of job updated: 2142268
	501  -  MemoryUsage of job (MB)
	512072  -  ResidentSetSize of job (KB)
...
006 (16595.541.000) 12/06 11:50:20 Image size of job updated: 2152156
	501  -  MemoryUsage of job (MB)
	512076  -  ResidentSetSize of job (KB)
...
005 (16595.541.000) 12/06 11:50:20 Job terminated.
	(1) Normal termination (return value 0)
		Usr 0 00:00:12, Sys 0 00:00:01  -  Run Remote Usage
		Usr 0 00:00:00, Sys 0 00:00:00  -  Run Local Usage
		Usr 0 00:00:12, Sys 0 00:00:01  -  Total Remote Usage
		Usr 0 00:00:00, Sys 0 00:00:00  -  Total Local Usage
	0  -  Run Bytes Sent By Job
	0  -  Run Bytes Received By Job
	0  -  Total Bytes Sent By Job
	0  -  Total Bytes Received By Job
	Partitionable Resources :    Usage  Request Allocated 
	   Cpus                 :     0.90        1         1 
	   Disk (KB)            :     1           1     35684 
	   Memory (MB)          :   501           1       128 
...
