000 (16595.1173.000) 12/06 11:44:42 Job submitted from host: <148.88.40.13:9618?addrs=148.88.40.13-9618&noUDP&sock=7693_562b_3>
...
001 (16595.1173.000) 12/06 11:53:48 Job executing on host: <10.42.74.220:9618?addrs=10.42.74.220-9618&noUDP&sock=1735_a4e8_4>
...
006 (16595.1173.000) 12/06 11:53:57 Image size of job updated: 458040
	13  -  MemoryUsage of job (MB)
	12708  -  ResidentSetSize of job (KB)
...
006 (16595.1173.000) 12/06 11:54:16 Image size of job updated: 2148440
	415  -  MemoryUsage of job (MB)
	424028  -  ResidentSetSize of job (KB)
...
004 (16595.1173.000) 12/06 11:54:16 Job was evicted.
	(0) Job was not checkpointed.
		Usr 0 00:00:04, Sys 0 00:00:01  -  Run Remote Usage
		Usr 0 00:00:00, Sys 0 00:00:00  -  Run Local Usage
	0  -  Run Bytes Sent By Job
	0  -  Run Bytes Received By Job
	Partitionable Resources :    Usage  Request Allocated 
	   Cpus                 :     0.06        1         1 
	   Disk (KB)            :     1           1     38661 
	   Memory (MB)          :   415           1       128 
...
009 (16595.1173.000) 12/06 11:54:16 Job was aborted by the user.
	via condor_rm (by user aspeers)
...
