000 (16595.882.000) 12/06 11:44:40 Job submitted from host: <148.88.40.13:9618?addrs=148.88.40.13-9618&noUDP&sock=7693_562b_3>
...
001 (16595.882.000) 12/06 11:51:56 Job executing on host: <10.42.74.221:9618?addrs=10.42.74.221-9618&noUDP&sock=1766_e857_4>
...
006 (16595.882.000) 12/06 11:52:05 Image size of job updated: 505964
	24  -  MemoryUsage of job (MB)
	23784  -  ResidentSetSize of job (KB)
...
006 (16595.882.000) 12/06 11:52:43 Image size of job updated: 2152272
	24  -  MemoryUsage of job (MB)
	23784  -  ResidentSetSize of job (KB)
...
005 (16595.882.000) 12/06 11:52:43 Job terminated.
	(1) Normal termination (return value 0)
		Usr 0 00:00:13, Sys 0 00:00:01  -  Run Remote Usage
		Usr 0 00:00:00, Sys 0 00:00:00  -  Run Local Usage
		Usr 0 00:00:13, Sys 0 00:00:01  -  Total Remote Usage
		Usr 0 00:00:00, Sys 0 00:00:00  -  Total Local Usage
	0  -  Run Bytes Sent By Job
	0  -  Run Bytes Received By Job
	0  -  Total Bytes Sent By Job
	0  -  Total Bytes Received By Job
	Partitionable Resources :    Usage  Request Allocated 
	   Cpus                 :     0.94        1         1 
	   Disk (KB)            :     1           1     38053 
	   Memory (MB)          :    24           1       128 
...
