000 (16595.772.000) 12/06 11:44:39 Job submitted from host: <148.88.40.13:9618?addrs=148.88.40.13-9618&noUDP&sock=7693_562b_3>
...
001 (16595.772.000) 12/06 11:51:20 Job executing on host: <10.42.73.201:9618?addrs=10.42.73.201-9618&noUDP&sock=1786_a03c_4>
...
006 (16595.772.000) 12/06 11:51:28 Image size of job updated: 1824424
	190  -  MemoryUsage of job (MB)
	193840  -  ResidentSetSize of job (KB)
...
006 (16595.772.000) 12/06 11:51:48 Image size of job updated: 2149744
	190  -  MemoryUsage of job (MB)
	193840  -  ResidentSetSize of job (KB)
...
005 (16595.772.000) 12/06 11:51:48 Job terminated.
	(1) Normal termination (return value 0)
		Usr 0 00:00:12, Sys 0 00:00:01  -  Run Remote Usage
		Usr 0 00:00:00, Sys 0 00:00:00  -  Run Local Usage
		Usr 0 00:00:12, Sys 0 00:00:01  -  Total Remote Usage
		Usr 0 00:00:00, Sys 0 00:00:00  -  Total Local Usage
	0  -  Run Bytes Sent By Job
	0  -  Run Bytes Received By Job
	0  -  Total Bytes Sent By Job
	0  -  Total Bytes Received By Job
	Partitionable Resources :    Usage  Request Allocated 
	   Cpus                 :     1.00        1         1 
	   Disk (KB)            :     1           1     29149 
	   Memory (MB)          :   190           1       128 
...
