000 (16595.219.000) 12/06 11:44:33 Job submitted from host: <148.88.40.13:9618?addrs=148.88.40.13-9618&noUDP&sock=7693_562b_3>
...
001 (16595.219.000) 12/06 11:46:56 Job executing on host: <10.42.73.203:9618?addrs=10.42.73.203-9618&noUDP&sock=1906_ef99_4>
...
006 (16595.219.000) 12/06 11:47:05 Image size of job updated: 350220
	343  -  MemoryUsage of job (MB)
	350220  -  ResidentSetSize of job (KB)
...
006 (16595.219.000) 12/06 11:47:18 Image size of job updated: 2149760
	344  -  MemoryUsage of job (MB)
	351768  -  ResidentSetSize of job (KB)
...
005 (16595.219.000) 12/06 11:47:18 Job terminated.
	(1) Normal termination (return value 0)
		Usr 0 00:00:13, Sys 0 00:00:01  -  Run Remote Usage
		Usr 0 00:00:00, Sys 0 00:00:00  -  Run Local Usage
		Usr 0 00:00:13, Sys 0 00:00:01  -  Total Remote Usage
		Usr 0 00:00:00, Sys 0 00:00:00  -  Total Local Usage
	0  -  Run Bytes Sent By Job
	0  -  Run Bytes Received By Job
	0  -  Total Bytes Sent By Job
	0  -  Total Bytes Received By Job
	Partitionable Resources :    Usage  Request Allocated 
	   Cpus                 :     1.00        1         1 
	   Disk (KB)            :     1           1     30295 
	   Memory (MB)          :   344           1       128 
...
